{"/Users/alexbanks/Desktop/Exercise Files/Ch10/10_07/start/lib/order.js":{"path":"/Users/alexbanks/Desktop/Exercise Files/Ch10/10_07/start/lib/order.js","s":{"1":1,"2":1,"3":1,"4":4,"5":12,"6":4,"7":1,"8":1,"9":3,"10":1,"11":4,"12":4,"13":1,"14":4,"15":4,"16":3,"17":3,"18":3,"19":3,"20":3,"21":1,"22":1,"23":1},"b":{"1":[1,3],"2":[4,3],"3":[4,1],"4":[3,1]},"f":{"1":4,"2":4,"3":4,"4":0,"5":3},"fnMap":{"1":{"name":"findItem","line":4,"loc":{"start":{"line":4,"column":0},"end":{"line":4,"column":23}}},"2":{"name":"isInStock","line":14,"loc":{"start":{"line":14,"column":0},"end":{"line":14,"column":29}}},"3":{"name":"order","line":19,"loc":{"start":{"line":19,"column":0},"end":{"line":19,"column":40}}},"4":{"name":"(anonymous_4)","line":20,"loc":{"start":{"line":20,"column":27},"end":{"line":20,"column":39}}},"5":{"name":"(anonymous_5)","line":23,"loc":{"start":{"line":23,"column":48},"end":{"line":23,"column":68}}}},"statementMap":{"1":{"start":{"line":1,"column":0},"end":{"line":1,"column":49}},"2":{"start":{"line":2,"column":0},"end":{"line":2,"column":39}},"3":{"start":{"line":4,"column":0},"end":{"line":12,"column":1}},"4":{"start":{"line":5,"column":4},"end":{"line":5,"column":61}},"5":{"start":{"line":5,"column":38},"end":{"line":5,"column":46}},"6":{"start":{"line":6,"column":4},"end":{"line":11,"column":5}},"7":{"start":{"line":7,"column":8},"end":{"line":7,"column":47}},"8":{"start":{"line":8,"column":8},"end":{"line":8,"column":20}},"9":{"start":{"line":10,"column":8},"end":{"line":10,"column":32}},"10":{"start":{"line":14,"column":0},"end":{"line":17,"column":1}},"11":{"start":{"line":15,"column":4},"end":{"line":15,"column":29}},"12":{"start":{"line":16,"column":4},"end":{"line":16,"column":35}},"13":{"start":{"line":19,"column":0},"end":{"line":32,"column":1}},"14":{"start":{"line":20,"column":4},"end":{"line":20,"column":42}},"15":{"start":{"line":21,"column":4},"end":{"line":31,"column":5}},"16":{"start":{"line":22,"column":8},"end":{"line":22,"column":61}},"17":{"start":{"line":23,"column":8},"end":{"line":26,"column":11}},"18":{"start":{"line":24,"column":12},"end":{"line":24,"column":65}},"19":{"start":{"line":25,"column":12},"end":{"line":25,"column":31}},"20":{"start":{"line":27,"column":8},"end":{"line":27,"column":20}},"21":{"start":{"line":29,"column":8},"end":{"line":29,"column":75}},"22":{"start":{"line":30,"column":8},"end":{"line":30,"column":21}},"23":{"start":{"line":34,"column":0},"end":{"line":34,"column":33}}},"branchMap":{"1":{"line":6,"type":"if","locations":[{"start":{"line":6,"column":4},"end":{"line":6,"column":4}},{"start":{"line":6,"column":4},"end":{"line":6,"column":4}}]},"2":{"line":16,"type":"binary-expr","locations":[{"start":{"line":16,"column":11},"end":{"line":16,"column":15}},{"start":{"line":16,"column":19},"end":{"line":16,"column":34}}]},"3":{"line":20,"type":"binary-expr","locations":[{"start":{"line":20,"column":15},"end":{"line":20,"column":23}},{"start":{"line":20,"column":27},"end":{"line":20,"column":41}}]},"4":{"line":21,"type":"if","locations":[{"start":{"line":21,"column":4},"end":{"line":21,"column":4}},{"start":{"line":21,"column":4},"end":{"line":21,"column":4}}]}}},"/Users/alexbanks/Desktop/Exercise Files/Ch10/10_07/start/lib/warehouse.js":{"path":"/Users/alexbanks/Desktop/Exercise Files/Ch10/10_07/start/lib/warehouse.js","s":{"1":1,"2":0,"3":0},"b":{},"f":{"1":0},"fnMap":{"1":{"name":"(anonymous_1)","line":3,"loc":{"start":{"line":3,"column":18},"end":{"line":3,"column":35}}}},"statementMap":{"1":{"start":{"line":1,"column":0},"end":{"line":28,"column":2}},"2":{"start":{"line":5,"column":8},"end":{"line":5,"column":39}},"3":{"start":{"line":24,"column":8},"end":{"line":24,"column":58}}},"branchMap":{}},"/Users/alexbanks/Desktop/Exercise Files/Ch10/10_07/start/lib/tools.js":{"path":"/Users/alexbanks/Desktop/Exercise Files/Ch10/10_07/start/lib/tools.js","s":{"1":1,"2":1,"3":1,"4":1,"5":1,"6":1,"7":1,"8":1,"9":1,"10":1,"11":1},"b":{},"f":{"1":1,"2":1,"3":1,"4":1,"5":1},"fnMap":{"1":{"name":"(anonymous_1)","line":5,"loc":{"start":{"line":5,"column":10},"end":{"line":5,"column":19}}},"2":{"name":"(anonymous_2)","line":9,"loc":{"start":{"line":9,"column":9},"end":{"line":9,"column":28}}},"3":{"name":"(anonymous_3)","line":13,"loc":{"start":{"line":13,"column":17},"end":{"line":13,"column":31}}},"4":{"name":"(anonymous_4)","line":19,"loc":{"start":{"line":19,"column":18},"end":{"line":19,"column":34}}},"5":{"name":"(anonymous_5)","line":23,"loc":{"start":{"line":23,"column":17},"end":{"line":23,"column":28}}}},"statementMap":{"1":{"start":{"line":1,"column":0},"end":{"line":1,"column":29}},"2":{"start":{"line":3,"column":0},"end":{"line":30,"column":2}},"3":{"start":{"line":6,"column":2},"end":{"line":6,"column":43}},"4":{"start":{"line":11,"column":2},"end":{"line":11,"column":75}},"5":{"start":{"line":13,"column":2},"end":{"line":26,"column":5}},"6":{"start":{"line":15,"column":3},"end":{"line":15,"column":17}},"7":{"start":{"line":17,"column":3},"end":{"line":17,"column":28}},"8":{"start":{"line":19,"column":3},"end":{"line":21,"column":6}},"9":{"start":{"line":20,"column":4},"end":{"line":20,"column":18}},"10":{"start":{"line":23,"column":3},"end":{"line":25,"column":6}},"11":{"start":{"line":24,"column":4},"end":{"line":24,"column":19}}},"branchMap":{}}}