TN:
SF:/Users/alexbanks/Desktop/Exercise Files/Ch10/10_07/start/lib/order.js
FN:4,findItem
FN:14,isInStock
FN:19,order
FN:20,(anonymous_4)
FN:23,(anonymous_5)
FNF:5
FNH:4
FNDA:4,findItem
FNDA:4,isInStock
FNDA:4,order
FNDA:0,(anonymous_4)
FNDA:3,(anonymous_5)
DA:1,1
DA:2,1
DA:4,1
DA:5,12
DA:6,4
DA:7,1
DA:8,1
DA:10,3
DA:14,1
DA:15,4
DA:16,4
DA:19,1
DA:20,4
DA:21,4
DA:22,3
DA:23,3
DA:24,3
DA:25,3
DA:27,3
DA:29,1
DA:30,1
DA:34,1
LF:22
LH:22
BRDA:6,1,0,1
BRDA:6,1,1,3
BRDA:16,2,0,4
BRDA:16,2,1,3
BRDA:20,3,0,4
BRDA:20,3,1,1
BRDA:21,4,0,3
BRDA:21,4,1,1
BRF:8
BRH:8
end_of_record
TN:
SF:/Users/alexbanks/Desktop/Exercise Files/Ch10/10_07/start/lib/warehouse.js
FN:3,(anonymous_1)
FNF:1
FNH:0
FNDA:0,(anonymous_1)
DA:1,1
DA:5,0
DA:24,0
LF:3
LH:1
BRF:0
BRH:0
end_of_record
TN:
SF:/Users/alexbanks/Desktop/Exercise Files/Ch10/10_07/start/lib/tools.js
FN:5,(anonymous_1)
FN:9,(anonymous_2)
FN:13,(anonymous_3)
FN:19,(anonymous_4)
FN:23,(anonymous_5)
FNF:5
FNH:5
FNDA:1,(anonymous_1)
FNDA:1,(anonymous_2)
FNDA:1,(anonymous_3)
FNDA:1,(anonymous_4)
FNDA:1,(anonymous_5)
DA:1,1
DA:3,1
DA:6,1
DA:11,1
DA:13,1
DA:15,1
DA:17,1
DA:19,1
DA:20,1
DA:23,1
DA:24,1
LF:11
LH:11
BRF:0
BRH:0
end_of_record
